"E:/200617 - ue4 playground/TheWormGame/Content/BluePrints/AI/BB_SpermAI.uasset" 0
"E:/200617 - ue4 playground/TheWormGame/Content/BluePrints/AI/BT_SpermAI.uasset" 1
"../../../Engine/Content/EngineDebugMaterials/DebugEditorMaterial.uasset" 2
"../../../Engine/Content/EngineMaterials/BlendFunc_DefBase.uasset" 3
"../../../Engine/Content/EngineMaterials/BlendFunc_DefBlend.uasset" 4
"../../../Engine/Content/Functions/Engine_MaterialFunctions03/Blends/Blend_Screen.uasset" 5
"E:/200617 - ue4 playground/TheWormGame/Content/Assets/Material/M_EggBarrier.uasset" 6
"../../../Engine/Content/Functions/Engine_MaterialFunctions01/Opacity/CameraDepthFade.uasset" 7
"../../../Engine/Content/EngineMaterials/T_Default_Material_Grid_M.uasset" 8
"../../../Engine/Content/EngineMaterials/T_Default_Material_Grid_N.uasset" 9
"../../../Engine/Content/EngineMaterials/DefaultMaterial.uasset" 10
"../../../Engine/Content/BasicShapes/Sphere.uasset" 11
"E:/200617 - ue4 playground/TheWormGame/Content/BluePrints/BP_TheEgg.uasset" 12
"E:/200617 - ue4 playground/TheWormGame/Content/BluePrints/AI/BP_SpermAIController.uasset" 13
"../../../Engine/Content/BasicShapes/BasicShapeMaterial.uasset" 14
"../../../Engine/Content/EditorMeshes/ColorCalibrator/M_ClearCoatBlack.uasset" 15
"E:/200617 - ue4 playground/TheWormGame/Content/Assets/Material/M_Sperm.uasset" 16
"../../../Engine/Content/EngineMaterials/WorldGridMaterial.uasset" 17
"../../../Engine/Content/BasicShapes/Cube.uasset" 18
"E:/200617 - ue4 playground/TheWormGame/Content/Assets/Materials/M_ParticleBase.uasset" 19
"E:/200617 - ue4 playground/TheWormGame/Content/Assets/Materials/M_Particle_Inst.uasset" 20
"E:/200617 - ue4 playground/TheWormGame/Content/Assets/Textures/T_ColourGrid.uasset" 21
"E:/200617 - ue4 playground/TheWormGame/Content/Assets/Materials/M_TextureBase.uasset" 22
"E:/200617 - ue4 playground/TheWormGame/Content/Assets/Materials/M_Texture_Inst.uasset" 23
"E:/200617 - ue4 playground/TheWormGame/Content/Assets/Meshes/SM_Sphere.uasset" 24
"E:/200617 - ue4 playground/TheWormGame/Content/Assets/Effects/P_HitEffect.uasset" 25
"E:/200617 - ue4 playground/TheWormGame/Content/Assets/PM_Rope.uasset" 26
"E:/200617 - ue4 playground/TheWormGame/Content/Assets/rope_rigged_v2_PhysicsAsset.uasset" 27
"E:/200617 - ue4 playground/TheWormGame/Content/Assets/rope_rigged_v2.uasset" 28
"E:/200617 - ue4 playground/TheWormGame/Content/Assets/SM_SpermHead.uasset" 29
"E:/200617 - ue4 playground/TheWormGame/Content/BluePrints/BP_SpermCharacterBase.uasset" 30
"E:/200617 - ue4 playground/TheWormGame/Content/BluePrints/BP_SpermCharacterAI.uasset" 31
"E:/200617 - ue4 playground/TheWormGame/Content/Assets/Material/T_Cake.uasset" 32
"E:/200617 - ue4 playground/TheWormGame/Content/Assets/Material/M_Food.uasset" 33
"E:/200617 - ue4 playground/TheWormGame/Content/Assets/Material/MI_Cake.uasset" 34
"E:/200617 - ue4 playground/TheWormGame/Content/Assets/Model/SM_Cake.uasset" 35
"E:/200617 - ue4 playground/TheWormGame/Content/Assets/PM_Pickup.uasset" 36
"E:/200617 - ue4 playground/TheWormGame/Content/BluePrints/Pickups/BP_Pickup.uasset" 37
"E:/200617 - ue4 playground/TheWormGame/Content/BluePrints/BP_PickupHealth.uasset" 38
"E:/200617 - ue4 playground/TheWormGame/Content/BP_PickupHealth.uasset" 39
"E:/200617 - ue4 playground/TheWormGame/Content/Assets/Material/M_Germ.uasset" 40
"E:/200617 - ue4 playground/TheWormGame/Content/Assets/Model/SM_Germ_v1.uasset" 41
"E:/200617 - ue4 playground/TheWormGame/Content/BluePrints/Pickups/BP_PickupToxin.uasset" 42
"E:/200617 - ue4 playground/TheWormGame/Content/BluePrints/BP_PickupToxin.uasset" 43
"E:/200617 - ue4 playground/TheWormGame/Content/BP_PickupToxin.uasset" 44
"../../../Engine/Content/VREditor/LaserPointer/CursorPointer.uasset" 45
"E:/200617 - ue4 playground/TheWormGame/Content/BluePrints/BP_SpeedPatchSlow.uasset" 46
"E:/200617 - ue4 playground/TheWormGame/Content/BP_SpeedPatchSlow.uasset" 47
"E:/200617 - ue4 playground/TheWormGame/Content/BluePrints/BP_SpeedPatchFast.uasset" 48
"E:/200617 - ue4 playground/TheWormGame/Content/BP_SpeedPatchFast.uasset" 49
"E:/200617 - ue4 playground/TheWormGame/Content/BP_SpeedPatchSlow1.uasset" 50
"E:/200617 - ue4 playground/TheWormGame/Content/BP_SpeedPatchTurbo.uasset" 51
"E:/200617 - ue4 playground/TheWormGame/Content/BP_SpermCharacterAI.uasset" 52
"E:/200617 - ue4 playground/TheWormGame/Content/Assets/Material/M_Env.uasset" 53
"E:/200617 - ue4 playground/TheWormGame/Content/Assets/M_Env.uasset" 54
"E:/200617 - ue4 playground/TheWormGame/Content/Assets/PM_Turtle.uasset" 55
"E:/200617 - ue4 playground/TheWormGame/Content/Assets/Material/PBRTurtleShellAlbedo.uasset" 56
"E:/200617 - ue4 playground/TheWormGame/Content/Assets/Material/PBRTurtleShellAO.uasset" 57
"E:/200617 - ue4 playground/TheWormGame/Content/Assets/Material/PBRTurtleShellMetalicSmoothness.uasset" 58
"E:/200617 - ue4 playground/TheWormGame/Content/Assets/Material/PBRTurtleShellNormal.uasset" 59
"E:/200617 - ue4 playground/TheWormGame/Content/Assets/Material/M_Turtle.uasset" 60
"E:/200617 - ue4 playground/TheWormGame/Content/Assets/SM_TurtleShell_v1.uasset" 61
"E:/200617 - ue4 playground/TheWormGame/Content/Assets/Material/MI_EggBarrier.uasset" 62
"E:/200617 - ue4 playground/TheWormGame/Content/BluePrints/BP_OutOfBounds.uasset" 63
"E:/200617 - ue4 playground/TheWormGame/Content/BluePrints/BP_OutOfBoundsBottom.uasset" 64
"E:/200617 - ue4 playground/TheWormGame/Content/BluePrints/BP_SpermCharacterPlayer.uasset" 65
"E:/200617 - ue4 playground/TheWormGame/Content/BluePrints/UI/WBP_GameOverLose.uasset" 66
"E:/200617 - ue4 playground/TheWormGame/Content/BluePrints/UI/WBP_GameOverTimeOut.uasset" 67
"E:/200617 - ue4 playground/TheWormGame/Content/BluePrints/UI/WBP_GameOverWin.uasset" 68
"E:/200617 - ue4 playground/TheWormGame/Content/BluePrints/UI/WBP_GameStart.uasset" 69
"E:/200617 - ue4 playground/TheWormGame/Content/BluePrints/UI/WBP_HealthBar.uasset" 70
"E:/200617 - ue4 playground/TheWormGame/Content/BluePrints/BP_WormGameModeBase.uasset" 71
"../../../Engine/Content/Functions/Engine_MaterialFunctions01/Texturing/FlattenNormal.uasset" 72
"../../../Engine/Content/Functions/Engine_MaterialFunctions03/Blends/Blend_Lighten.uasset" 73
"../../../Engine/Content/Functions/Engine_MaterialFunctions03/Blends/Blend_Overlay.uasset" 74
"../../../Engine/Content/EngineVolumetrics/Fogsheet/Materials/T_EV_BlankWhite_01.uasset" 75
"E:/200617 - ue4 playground/TheWormGame/Content/MSPresets/MSTextures/Albedo.uasset" 76
"E:/200617 - ue4 playground/TheWormGame/Content/MSPresets/MSTextures/Normal.uasset" 77
"E:/200617 - ue4 playground/TheWormGame/Content/MSPresets/MSTextures/Roughness.uasset" 78
"E:/200617 - ue4 playground/TheWormGame/Content/MSPresets/MS_DefaultMaterial/MS_DefaultMaterial.uasset" 79
"E:/200617 - ue4 playground/TheWormGame/Content/Megascans/Surfaces/Animal_Flesh_00/rczrP0_2K_Albedo.uasset" 80
"E:/200617 - ue4 playground/TheWormGame/Content/Megascans/Surfaces/Animal_Flesh_00/rczrP0_2K_Normal.uasset" 81
"E:/200617 - ue4 playground/TheWormGame/Content/Megascans/Surfaces/Animal_Flesh_00/rczrP0_2K_Roughness.uasset" 82
"E:/200617 - ue4 playground/TheWormGame/Content/Megascans/Surfaces/Animal_Flesh_00/Animal_Flesh_00_inst.uasset" 83
"E:/200617 - ue4 playground/TheWormGame/Content/Megascans/Surfaces/Animal_Flesh_00/rczrP0_2K_AO.uasset" 84
"E:/200617 - ue4 playground/TheWormGame/Content/Megascans/Surfaces/Animal_Flesh_00/rczrP0_2K_Displacement.uasset" 85
"E:/200617 - ue4 playground/TheWormGame/Content/Megascans/Surfaces/Chicken_Skin_00/rmugyqp_4K_AO.uasset" 86
"E:/200617 - ue4 playground/TheWormGame/Content/Megascans/Surfaces/Chicken_Skin_00/rmugyqp_4K_Displacement.uasset" 87
"E:/200617 - ue4 playground/TheWormGame/Content/Megascans/Surfaces/Goat_Skin_Tileable_00/skynugl_4K_Albedo.uasset" 88
"E:/200617 - ue4 playground/TheWormGame/Content/Megascans/Surfaces/Goat_Skin_Tileable_00/skynugl_4K_Normal.uasset" 89
"E:/200617 - ue4 playground/TheWormGame/Content/Megascans/Surfaces/Goat_Skin_Tileable_00/skynugl_4K_Roughness.uasset" 90
"E:/200617 - ue4 playground/TheWormGame/Content/Megascans/Surfaces/Goat_Skin_Tileable_00/Goat_Skin_Tileable_00_inst.uasset" 91
"E:/200617 - ue4 playground/TheWormGame/Content/Megascans/Surfaces/Goat_Skin_Tileable_00/skynugl_4K_AO.uasset" 92
"E:/200617 - ue4 playground/TheWormGame/Content/Megascans/Surfaces/Goat_Skin_Tileable_00/skynugl_4K_Displacement.uasset" 93
"E:/200617 - ue4 playground/TheWormGame/Content/MSPresets/MSTextures/AO.uasset" 94
"E:/200617 - ue4 playground/TheWormGame/Content/MSPresets/MSTextures/Displacement.uasset" 95
"E:/200617 - ue4 playground/TheWormGame/Content/MSPresets/MSTextures/Metalness.uasset" 96
"E:/200617 - ue4 playground/TheWormGame/Content/MSPresets/MSTextures/noise_mask.uasset" 97
"E:/200617 - ue4 playground/TheWormGame/Content/MSPresets/MSTextures/noise_normal.uasset" 98
"../../../Engine/Content/Animation/DefaultAnimCurveCompressionSettings.uasset" 99
"../../../Engine/Content/ArtTools/RenderToTexture/Meshes/S_1_Unit_Plane.uasset" 100
"../../../Engine/Content/BasicShapes/Cone.uasset" 101
"../../../Engine/Content/BasicShapes/Cylinder.uasset" 102
"../../../Engine/Content/BasicShapes/Plane.uasset" 103
"../../../Engine/Content/EditorLandscapeResources/DataLayer.uasset" 104
"../../../Engine/Content/EditorMaterials/MAT_Groups_Toggle.uasset" 105
"../../../Engine/Content/EditorMaterials/MAT_Groups_Visibility.uasset" 106
"../../../Engine/Content/EditorMaterials/PreviewShadowIndicator.uasset" 107
"../../../Engine/Content/EditorMaterials/PreviewShadowIndicatorMaterial.uasset" 108
"../../../Engine/Content/EditorMaterials/MatineeGroups/MAT_ColorTrack.uasset" 109
"../../../Engine/Content/EditorMaterials/MatineeGroups/MAT_Groups_Anim.uasset" 110
"../../../Engine/Content/EditorMaterials/MatineeGroups/MAT_Groups_AudioMaster.uasset" 111
"../../../Engine/Content/EditorMaterials/MatineeGroups/MAT_Groups_Director.uasset" 112
"../../../Engine/Content/EditorMaterials/MatineeGroups/MAT_Groups_Event.uasset" 113
"../../../Engine/Content/EditorMaterials/MatineeGroups/MAT_Groups_Fade.uasset" 114
"../../../Engine/Content/EditorMaterials/MatineeGroups/MAT_Groups_Float.uasset" 115
"../../../Engine/Content/EditorMaterials/MatineeGroups/MAT_Groups_Move.uasset" 116
"../../../Engine/Content/EditorMaterials/MatineeGroups/MAT_Groups_Slomo.uasset" 117
"../../../Engine/Content/EditorMaterials/MatineeGroups/MAT_Groups_Sound.uasset" 118
"../../../Engine/Content/EditorMaterials/MatineeGroups/MAT_Groups_Vector.uasset" 119
"../../../Engine/Content/EditorMaterials/ParticleSystems/PSysThumbnail_NoImage.uasset" 120
"../../../Engine/Content/EditorMaterials/ParticleSystems/PSysThumbnail_OOD.uasset" 121
"../../../Engine/Content/EditorMaterials/Camera/CineMat.uasset" 122
"../../../Engine/Content/EditorMaterials/Camera/MI_CineMat_Rig.uasset" 123
"../../../Engine/Content/EditorMeshes/Camera/SM_CraneRig_Arm.uasset" 124
"../../../Engine/Content/EditorMeshes/Camera/SM_CraneRig_Base.uasset" 125
"../../../Engine/Content/EditorMeshes/Camera/SM_CraneRig_Body.uasset" 126
"../../../Engine/Content/EditorMeshes/Camera/SM_CraneRig_Mount.uasset" 127
"../../../Engine/Content/EditorMeshes/Camera/SM_RailRig_Mount.uasset" 128
"../../../Engine/Content/EditorMeshes/Camera/SM_RailRig_Track.uasset" 129
"../../../Engine/Content/EditorResources/BSPVertex.uasset" 130
"../../../Engine/Content/EditorResources/EmptyActor.uasset" 131
"../../../Engine/Content/EditorResources/S_Actor.uasset" 132
"../../../Engine/Content/EditorResources/S_Note.uasset" 133
"../../../Engine/Content/EditorResources/S_Solver.uasset" 134
"../../../Engine/Content/EditorResources/S_Trigger.uasset" 135
"../../../Engine/Content/EditorResources/LightIcons/S_LightError.uasset" 136
"../../../Engine/Content/EditorResources/SequenceRecorder/Countdown.uasset" 137
"../../../Engine/Content/EditorResources/SequenceRecorder/RecordingIndicator.uasset" 138
"../../../Engine/Content/EditorSounds/Notifications/CompileFailed.uasset" 139
"../../../Engine/Content/EditorSounds/Notifications/CompileFailed_Cue.uasset" 140
"../../../Engine/Content/EditorSounds/Notifications/CompileSuccess.uasset" 141
"../../../Engine/Content/EditorSounds/Notifications/CompileStart_Cue.uasset" 142
"../../../Engine/Content/EditorSounds/Notifications/CompileSuccess_Cue.uasset" 143
"../../../Engine/Content/EngineDamageTypes/DmgTypeBP_Environmental.uasset" 144
"../../../Engine/Content/EngineDebugMaterials/DebugMeshMaterial.uasset" 145
"../../../Engine/Content/EngineDebugMaterials/M_SimpleUnlitTranslucent.uasset" 146
"../../../Engine/Content/Functions/Engine_MaterialFunctions02/Utility/CameraDirectionVector.uasset" 147
"../../../Engine/Content/EngineDebugMaterials/VolumeToRender.uasset" 148
"../../../Engine/Content/EngineDebugMaterials/M_VolumeRenderSphereTracePP.uasset" 149
"../../../Engine/Content/EngineDebugMaterials/WireframeMaterial.uasset" 150
"../../../Engine/Content/EngineFonts/Faces/DroidSansFallback.uasset" 151
"../../../Engine/Content/EngineFonts/Faces/RobotoBold.uasset" 152
"../../../Engine/Content/EngineFonts/Faces/RobotoBoldItalic.uasset" 153
"../../../Engine/Content/EngineFonts/Faces/RobotoItalic.uasset" 154
"../../../Engine/Content/EngineFonts/Faces/RobotoLight.uasset" 155
"../../../Engine/Content/EngineFonts/Faces/RobotoRegular.uasset" 156
"../../../Engine/Content/EngineFonts/Roboto.uasset" 157
"../../../Engine/Content/EngineMaterials/BaseFlattenDiffuseMap.uasset" 158
"../../../Engine/Content/EngineMaterials/BaseFlattenEmissiveMap.uasset" 159
"../../../Engine/Content/EngineMaterials/BaseFlattenGrayscaleMap.uasset" 160
"../../../Engine/Content/EngineMaterials/BaseFlattenNormalMap.uasset" 161
"../../../Engine/Content/EngineMaterials/BaseFlattenMaterial.uasset" 162
"../../../Engine/Content/EngineMaterials/BlueNoise.uasset" 163
"../../../Engine/Content/EngineMaterials/DefaultBloomKernel.uasset" 164
"../../../Engine/Content/EngineMaterials/DefaultBokeh.uasset" 165
"../../../Engine/Content/EngineMaterials/DefaultDiffuse.uasset" 166
"../../../Engine/Content/EngineMaterials/DefaultDeferredDecalMaterial.uasset" 167
"../../../Engine/Content/EngineMaterials/DefaultLightFunctionMaterial.uasset" 168
"../../../Engine/Content/Functions/Engine_MaterialFunctions02/Utility/BreakOutFloat2Components.uasset" 169
"../../../Engine/Content/EngineMaterials/DefaultPostProcessMaterial.uasset" 170
"../../../Engine/Content/EngineFonts/RobotoDistanceField.uasset" 171
"../../../Engine/Content/EngineMaterials/DefaultTextMaterialOpaque.uasset" 172
"../../../Engine/Content/EngineMaterials/DefaultWhiteGrid.uasset" 173
"../../../Engine/Content/EngineMaterials/DefaultWhiteGrid_Low.uasset" 174
"../../../Engine/Content/EngineMaterials/EmissiveMeshMaterial.uasset" 175
"../../../Engine/Content/EngineMaterials/GizmoMaterial.uasset" 176
"../../../Engine/Content/EngineMaterials/Good64x64TilingNoiseHighFreq.uasset" 177
"../../../Engine/Content/EngineMaterials/MiniFont.uasset" 178
"../../../Engine/Content/EngineMaterials/InvalidLightmapSettings.uasset" 179
"../../../Engine/Content/EngineMaterials/M_InvalidLightmapSettings.uasset" 180
"../../../Engine/Content/Functions/Engine_MaterialFunctions02/WorldPositionOffset/CameraOffset.uasset" 181
"../../../Engine/Content/EngineMaterials/PhAT_JointLimitMaterial.uasset" 182
"../../../Engine/Content/EngineMaterials/PreintegratedSkinBRDF.uasset" 183
"../../../Engine/Content/EngineMaterials/RemoveSurfaceMaterial.uasset" 184
"../../../Engine/Content/EngineMaterials/WeightMapPlaceholderTexture.uasset" 185
"../../../Engine/Content/EngineResources/WhiteSquareTexture.uasset" 186
"../../../Engine/Content/EngineMaterials/Widget3DPassThrough.uasset" 187
"../../../Engine/Content/EngineMaterials/Widget3DPassThrough_Masked.uasset" 188
"../../../Engine/Content/EngineMaterials/Widget3DPassThrough_Opaque.uasset" 189
"../../../Engine/Content/EngineMaterials/Widget3DPassThrough_Masked_OneSided.uasset" 190
"../../../Engine/Content/EngineMaterials/Widget3DPassThrough_Opaque_OneSided.uasset" 191
"../../../Engine/Content/EngineMaterials/Widget3DPassThrough_Translucent.uasset" 192
"../../../Engine/Content/EngineMaterials/Widget3DPassThrough_Translucent_OneSided.uasset" 193
"../../../Engine/Content/EngineMeshes/Cube.uasset" 194
"../../../Engine/Content/EngineMeshes/Cylinder.uasset" 195
"../../../Engine/Content/EngineMeshes/Sphere.uasset" 196
"../../../Engine/Content/EngineResources/Black.uasset" 197
"../../../Engine/Content/EngineResources/DefaultTexture.uasset" 198
"../../../Engine/Content/EngineResources/DefaultTextureCube.uasset" 199
"../../../Engine/Content/EngineResources/DefaultVolumeTexture2D.uasset" 200
"../../../Engine/Content/EngineResources/DefaultVolumeTexture.uasset" 201
"../../../Engine/Content/EngineResources/GradientTexture0.uasset" 202
"../../../Engine/Content/EngineSounds/Master.uasset" 203
"../../../Engine/Content/Functions/Engine_MaterialFunctions01/Shading/ConvertFromDiffSpec.uasset" 204
"../../../Engine/Content/Functions/Engine_MaterialFunctions01/Shading/PowerToRoughness.uasset" 205
"../../../Engine/Content/Maps/Templates/Thumbnails/Default.uasset" 206
"../../../Engine/Content/Maps/Templates/Thumbnails/TimeOfDay.uasset" 207
"../../../Engine/Content/Maps/Templates/Thumbnails/VR-Basic.uasset" 208
"../../../Engine/Content/MobileResources/T_MobileControls_texture.uasset" 209
"../../../Engine/Content/MobileResources/T_MobileMenu2.uasset" 210
"../../../Engine/Content/MobileResources/HUD/AnalogHat.uasset" 211
"../../../Engine/Content/MobileResources/HUD/VirtualJoystick_Background.uasset" 212
"../../../Engine/Content/MobileResources/HUD/VirtualJoystick_Thumb.uasset" 213
"../../../Engine/Content/MobileResources/HUD/DefaultVirtualJoysticks.uasset" 214
"../../../Engine/Content/MobileResources/HUD/LeftVirtualJoystickOnly.uasset" 215
"../../../Engine/Content/MobileResources/HUD/MobileHUDButton1_off.uasset" 216
"../../../Engine/Content/MobileResources/HUD/MobileHUDButton1_on.uasset" 217
"../../../Engine/Content/MobileResources/HUD/MobileHUDButton2_off.uasset" 218
"../../../Engine/Content/MobileResources/HUD/MobileHUDButton2_on.uasset" 219
"../../../Engine/Content/MobileResources/HUD/MobileHUDButton3.uasset" 220
"../../../Engine/Content/MobileResources/HUD/MobileHUDButtonFire.uasset" 221
"../../../Engine/Content/MobileResources/HUD/MobileHUDDirectionPad.uasset" 222
"../../../Engine/Content/MobileResources/HUD/MobileHUDDirectionPad2.uasset" 223
"../../../Engine/Content/MobileResources/HUD/MobileHUDDirectionPad3.uasset" 224
"../../../Engine/Content/MobileResources/HUD/MobileHUDDirectionStick.uasset" 225
"../../../Engine/Content/MobileResources/HUD/T_Castle_ThumbstickInner.uasset" 226
"../../../Engine/Content/MobileResources/HUD/T_Castle_ThumbstickOutter.uasset" 227
"../../../Engine/Content/Tutorial/ContentIntroCurve.uasset" 228
"../../../Engine/Content/Tutorial/Basics/LevelEditorAttract.uasset" 229
"../../../Engine/Content/Tutorial/Basics/TutorialAssets/icon_tab_Levels_40x.uasset" 230
"../../../Engine/Content/Tutorial/Basics/LevelEditorOverview.uasset" 231
"../../../Engine/Content/Tutorial/BlueprintTutorials/TutorialAssets/Blueprint_64x.uasset" 232
"../../../Engine/Content/Tutorial/BlueprintTutorials/BlueprintEditorTutorial.uasset" 233
"../../../Engine/Content/Tutorial/BlueprintTutorials/LevelBlueprintEditorOverview.uasset" 234
"../../../Engine/Content/Tutorial/Landscape/TutorialAssets/Landscape.uasset" 235
"../../../Engine/Content/Tutorial/Landscape/LandscapeWalkThrough.uasset" 236
"../../../Engine/Content/Tutorial/Landscape/Landscape_Manage_Mode.uasset" 237
"../../../Engine/Content/EditorBlueprintResources/StandardMacros.uasset" 238
"../../../Engine/Content/Tutorial/Landscape/Landscape_Painting_Mode.uasset" 239
"../../../Engine/Content/Tutorial/Landscape/Landscape_Sculpt_Mode.uasset" 240
"../../../Engine/Content/Tutorial/SubEditors/MaterialEditorTutorial.uasset" 241
"../../../Engine/Content/Tutorial/SubEditors/ParticleSystemEditorTutorial.uasset" 242
"../../../Engine/Content/Tutorial/SubEditors/StaticMeshEditorTutorial.uasset" 243
"../../../Engine/Content/Tutorial/SubEditors/TutorialAssets/TutorialMaterial.uasset" 244
"../../../Engine/Content/Tutorial/SubEditors/TutorialAssets/T_SmokeSubUV_8X8.uasset" 245
"../../../Engine/Content/Tutorial/SubEditors/TutorialAssets/T_soft_smoke.uasset" 246
"../../../Engine/Content/Tutorial/SubEditors/TutorialAssets/M_smoke_subUV_blackbody.uasset" 247
"../../../Engine/Content/Tutorial/SubEditors/TutorialAssets/TutorialParticleSystem.uasset" 248
"../../../Engine/Content/VREditor/LaserPointer/VR_LaserPower_01.uasset" 249
"../../../Engine/Content/VREditor/TransformGizmo/TransformGizmoMaterial.uasset" 250
"../../../Engine/Content/VREditor/TransformGizmo/TranslucentTransformGizmoMaterial.uasset" 251
"../../../Engine/Content/VREditor/TransformGizmo/BoundingBoxCorner.uasset" 252
"../../../Engine/Content/VREditor/TransformGizmo/BoundingBoxEdge.uasset" 253
"../../../Engine/Content/VREditor/TransformGizmo/PlaneTranslationHandle.uasset" 254
"../../../Engine/Content/VREditor/TransformGizmo/Main.uasset" 255
"../../../Engine/Content/VREditor/TransformGizmo/Xray.uasset" 256
"../../../Engine/Content/VREditor/TransformGizmo/SM_Sequencer_Key.uasset" 257
"../../../Engine/Content/VREditor/TransformGizmo/SM_Sequencer_Node.uasset" 258
"../../Plugins/2D/Paper2D/Content/PlaceholderTextures/DummySpriteTexture.uasset" 259
"../../Plugins/2D/Paper2D/Content/DummySprite.uasset" 260
"../../Plugins/2D/Paper2D/Content/DefaultPaperTerrainMaterial.uasset" 261
"../../Plugins/2D/Paper2D/Content/DefaultSpriteMaterial.uasset" 262
"../../Plugins/2D/Paper2D/Content/MaskedUnlitSpriteMaterial.uasset" 263
"../../Plugins/2D/Paper2D/Content/OpaqueUnlitSpriteMaterial.uasset" 264
"../../Plugins/FX/Niagara/Content/Enums/ENiagaraBooleanLogicOps.uasset" 265
"../../Plugins/FX/Niagara/Content/Enums/ENiagaraCoordinateSpace.uasset" 266
"../../Plugins/FX/Niagara/Content/Enums/ENiagaraExpansionMode.uasset" 267
"../../Plugins/FX/Niagara/Content/Enums/ENiagaraOrientationAxis.uasset" 268
"../../Plugins/FX/Niagara/Content/Enums/ENiagaraRandomnessMode.uasset" 269
"../../../Engine/Content/Functions/Engine_MaterialFunctions02/Utility/BreakOutFloat4Components.uasset" 270
"../../../Engine/Content/Functions/Engine_MaterialFunctions02/Utility/MakeFloat2.uasset" 271
"../../../Engine/Content/Functions/Engine_MaterialFunctions02/Utility/MakeFloat3.uasset" 272
"../../Plugins/Runtime/Oculus/OculusVR/Content/Materials/OculusMR_ChromaKey.uasset" 273
"../../Plugins/Runtime/Oculus/OculusVR/Content/Materials/OculusMR_ChromaKey_Lit.uasset" 274
"../../Plugins/Runtime/Oculus/OculusVR/Content/Materials/OculusMR_OpaqueColoredMaterial.uasset" 275
"../../Plugins/Runtime/Oculus/OculusVR/Content/Materials/OculusMR_WhiteMaterial.uasset" 276
"../../../Engine/Content/EngineSky/C_Sky_Cloud_Color.uasset" 277
"../../../Engine/Content/EngineSky/C_Sky_Horizon_Color.uasset" 278
"../../../Engine/Content/EngineSky/C_Sky_Zenith_Color.uasset" 279
"../../../Engine/Content/EngineSky/T_Sky_Blue.uasset" 280
"../../../Engine/Content/EngineSky/T_Sky_Clouds_M.uasset" 281
"../../../Engine/Content/EngineSky/T_Sky_Stars.uasset" 282
"../../../Engine/Content/EngineSky/M_Sky_Panning_Clouds2.uasset" 283
"../../../Engine/Content/EngineSky/SM_SkySphere.uasset" 284
"../../../Engine/Content/EngineSky/BP_Sky_Sphere.uasset" 285
"E:/200617 - ue4 playground/TheWormGame/Content/BluePrints/BP_OutOfBoundsFloor.uasset" 286
"E:/200617 - ue4 playground/TheWormGame/Content/BluePrints/BP_OutOfBoundsTail.uasset" 287
"E:/200617 - ue4 playground/TheWormGame/Content/BluePrints/Pickups/BP_PickupHealthCake.uasset" 288
"E:/200617 - ue4 playground/TheWormGame/Content/Assets/Material/T_Donuts.uasset" 289
"E:/200617 - ue4 playground/TheWormGame/Content/Assets/Material/MI_Donuts.uasset" 290
"E:/200617 - ue4 playground/TheWormGame/Content/Assets/Model/SM_Donuts.uasset" 291
"E:/200617 - ue4 playground/TheWormGame/Content/BluePrints/Pickups/BP_PickupHealthDonut.uasset" 292
"E:/200617 - ue4 playground/TheWormGame/Content/Assets/Material/T_Hambuger.uasset" 293
"E:/200617 - ue4 playground/TheWormGame/Content/Assets/Material/MI_Hambuger.uasset" 294
"E:/200617 - ue4 playground/TheWormGame/Content/Assets/Model/SM_Hambuger.uasset" 295
"E:/200617 - ue4 playground/TheWormGame/Content/BluePrints/Pickups/BP_PickupHealthHambuger.uasset" 296
"E:/200617 - ue4 playground/TheWormGame/Content/Assets/Material/T_Hamegg.uasset" 297
"E:/200617 - ue4 playground/TheWormGame/Content/Assets/Material/MI_Hamegg.uasset" 298
"E:/200617 - ue4 playground/TheWormGame/Content/Assets/Model/SM_Hamegg.uasset" 299
"E:/200617 - ue4 playground/TheWormGame/Content/BluePrints/Pickups/BP_PickupHealthHamegg.uasset" 300
"E:/200617 - ue4 playground/TheWormGame/Content/Assets/Material/T_Icecream.uasset" 301
"E:/200617 - ue4 playground/TheWormGame/Content/Assets/Material/MI_Icecream.uasset" 302
"E:/200617 - ue4 playground/TheWormGame/Content/Assets/Model/SM_IceCream.uasset" 303
"E:/200617 - ue4 playground/TheWormGame/Content/BluePrints/Pickups/BP_PickupHealthIcecream.uasset" 304
"E:/200617 - ue4 playground/TheWormGame/Content/Assets/Material/T_Milk.uasset" 305
"E:/200617 - ue4 playground/TheWormGame/Content/Assets/Material/MI_Milk.uasset" 306
"E:/200617 - ue4 playground/TheWormGame/Content/Assets/Model/SM_Milk.uasset" 307
"E:/200617 - ue4 playground/TheWormGame/Content/BluePrints/Pickups/BP_PickupHealthMilk.uasset" 308
"E:/200617 - ue4 playground/TheWormGame/Content/Assets/Material/T_Waffle.uasset" 309
"E:/200617 - ue4 playground/TheWormGame/Content/Assets/Material/MI_Waffle.uasset" 310
"E:/200617 - ue4 playground/TheWormGame/Content/Assets/Model/SM_Waffle.uasset" 311
"E:/200617 - ue4 playground/TheWormGame/Content/BluePrints/Pickups/BP_PickupHealthWaffle.uasset" 312
"E:/200617 - ue4 playground/TheWormGame/Content/BluePrints/BP_SpawnPool.uasset" 313
"E:/200617 - ue4 playground/TheWormGame/Content/BluePrints/BP_SpawnPoolAI.uasset" 314
"E:/200617 - ue4 playground/TheWormGame/Content/BluePrints/BP_SpawnPoolPickups.uasset" 315
"E:/200617 - ue4 playground/TheWormGame/Content/main_BuiltData.uasset" 316
"E:/200617 - ue4 playground/TheWormGame/Content/Megascans/Surfaces/Chicken_Skin_00/rmugyqp_4K_Albedo.uasset" 317
"E:/200617 - ue4 playground/TheWormGame/Content/Megascans/Surfaces/Chicken_Skin_00/rmugyqp_4K_Normal.uasset" 318
"E:/200617 - ue4 playground/TheWormGame/Content/Megascans/Surfaces/Chicken_Skin_00/rmugyqp_4K_Roughness.uasset" 319
"E:/200617 - ue4 playground/TheWormGame/Content/Megascans/Surfaces/Chicken_Skin_00/Chicken_Skin_00_inst.uasset" 320
"../../../Engine/Content/EngineMaterials/DefaultPhysicalMaterial.uasset" 321
"E:/200617 - ue4 playground/TheWormGame/Content/main.umap" 322
"E:/200617 - ue4 playground/TheWormGame/Content/playground_BuiltData.uasset" 323
"E:/200617 - ue4 playground/TheWormGame/Content/playground.umap" 324
"../../../Engine/Content/Maps/Entry_BuiltData.uasset" 325
"../../../Engine/Content/Maps/Entry.umap" 326
